<?xml version="1.0" encoding="UTF-8"?>
<testsuite xmlns:xsi="http://www.w3.org/2001/XMLSchema-instance" xsi:noNamespaceSchemaLocation="https://maven.apache.org/surefire/maven-surefire-plugin/xsd/surefire-test-report.xsd" name="naga.test.naga.AppTest" time="0.012" tests="1" errors="0" skipped="0" failures="0">
  <properties>
    <property name="sun.desktop" value="windows"/>
    <property name="awt.toolkit" value="sun.awt.windows.WToolkit"/>
    <property name="file.encoding.pkg" value="sun.io"/>
    <property name="java.specification.version" value="1.8"/>
    <property name="sun.cpu.isalist" value="amd64"/>
    <property name="sun.jnu.encoding" value="MS932"/>
    <property name="java.class.path" value="D:\pleiades\workspace\naga\target\test-classes;D:\pleiades\workspace\naga\target\classes;C:\Users\yuino\.m2\repository\junit\junit\4.11\junit-4.11.jar;C:\Users\yuino\.m2\repository\org\hamcrest\hamcrest-core\1.3\hamcrest-core-1.3.jar;"/>
    <property name="java.vm.vendor" value="Oracle Corporation"/>
    <property name="sun.arch.data.model" value="64"/>
    <property name="user.variant" value=""/>
    <property name="java.vendor.url" value="http://java.oracle.com/"/>
    <property name="user.timezone" value="GMT+09:00"/>
    <property name="java.vm.specification.version" value="1.8"/>
    <property name="os.name" value="Windows 10"/>
    <property name="user.country" value="JP"/>
    <property name="sun.java.launcher" value="SUN_STANDARD"/>
    <property name="sun.boot.library.path" value="D:\pleiades\java\8\jre\bin"/>
    <property name="sun.java.command" value="C:\Users\yuino\AppData\Local\Temp\surefire1178074538631045652\surefirebooter435084805342743151.jar C:\Users\yuino\AppData\Local\Temp\surefire1178074538631045652 2022-02-08T13-47-48_991-jvmRun1 surefire8345753691099108643tmp surefire_03614844767442748900tmp"/>
    <property name="surefire.test.class.path" value="D:\pleiades\workspace\naga\target\test-classes;D:\pleiades\workspace\naga\target\classes;C:\Users\yuino\.m2\repository\junit\junit\4.11\junit-4.11.jar;C:\Users\yuino\.m2\repository\org\hamcrest\hamcrest-core\1.3\hamcrest-core-1.3.jar;"/>
    <property name="sun.cpu.endian" value="little"/>
    <property name="user.home" value="C:\Users\yuino"/>
    <property name="user.language" value="ja"/>
    <property name="java.specification.vendor" value="Oracle Corporation"/>
    <property name="java.home" value="D:\pleiades\java\8\jre"/>
    <property name="basedir" value="D:\pleiades\workspace\naga"/>
    <property name="file.separator" value="\"/>
    <property name="line.separator" value="&#10;"/>
    <property name="java.vm.specification.vendor" value="Oracle Corporation"/>
    <property name="java.specification.name" value="Java Platform API Specification"/>
    <property name="java.awt.graphicsenv" value="sun.awt.Win32GraphicsEnvironment"/>
    <property name="surefire.real.class.path" value="C:\Users\yuino\AppData\Local\Temp\surefire1178074538631045652\surefirebooter435084805342743151.jar"/>
    <property name="sun.boot.class.path" value="D:\pleiades\java\8\jre\lib\resources.jar;D:\pleiades\java\8\jre\lib\rt.jar;D:\pleiades\java\8\jre\lib\sunrsasign.jar;D:\pleiades\java\8\jre\lib\jsse.jar;D:\pleiades\java\8\jre\lib\jce.jar;D:\pleiades\java\8\jre\lib\charsets.jar;D:\pleiades\java\8\jre\lib\jfr.jar;D:\pleiades\java\8\jre\classes"/>
    <property name="user.script" value=""/>
    <property name="sun.management.compiler" value="HotSpot 64-Bit Tiered Compilers"/>
    <property name="java.runtime.version" value="1.8.0_202-b08"/>
    <property name="user.name" value="yuino"/>
    <property name="path.separator" value=";"/>
    <property name="os.version" value="10.0"/>
    <property name="java.endorsed.dirs" value="D:\pleiades\java\8\jre\lib\endorsed"/>
    <property name="java.runtime.name" value="Java(TM) SE Runtime Environment"/>
    <property name="file.encoding" value="MS932"/>
    <property name="java.vm.name" value="Java HotSpot(TM) 64-Bit Server VM"/>
    <property name="localRepository" value="C:\Users\yuino\.m2\repository"/>
    <property name="java.vendor.url.bug" value="http://bugreport.sun.com/bugreport/"/>
    <property name="java.io.tmpdir" value="C:\Users\yuino\AppData\Local\Temp\"/>
    <property name="java.version" value="1.8.0_202"/>
    <property name="user.dir" value="D:\pleiades\workspace\naga"/>
    <property name="os.arch" value="amd64"/>
    <property name="java.vm.specification.name" value="Java Virtual Machine Specification"/>
    <property name="java.awt.printerjob" value="sun.awt.windows.WPrinterJob"/>
    <property name="sun.os.patch.level" value=""/>
    <property name="java.library.path" value="D:\pleiades\java\8\jre\bin;C:\Windows\Sun\Java\bin;C:\Windows\system32;C:\Windows;D:/pleiades/eclipse/jre/bin/server;D:/pleiades/eclipse/jre/bin;C:\Windows\system32;C:\Windows;C:\Windows\System32\Wbem;C:\Windows\System32\WindowsPowerShell\v1.0\;C:\Windows\System32\OpenSSH\;C:\Program Files (x86)\NVIDIA Corporation\PhysX\Common;C:\Program Files\NVIDIA Corporation\NVIDIA NvDLISR;C:\Program Files\Docker\Docker\resources\bin;C:\ProgramData\DockerDesktop\version-bin;D:\pleiades\java\8\bin;C:\Program Files\Git\cmd;C:\Program Files\MySQL\MySQL Shell 8.0\bin\;C:\Users\yuino\AppData\Local\Programs\Python\Python310\Scripts\;C:\Users\yuino\AppData\Local\Programs\Python\Python310\;C:\Users\yuino\AppData\Local\Microsoft\WindowsApps;;C:\Users\yuino\AppData\Local\Programs\Microsoft VS Code\bin;D:\pleiades\eclipse;;."/>
    <property name="java.vm.info" value="mixed mode"/>
    <property name="java.vendor" value="Oracle Corporation"/>
    <property name="java.vm.version" value="25.202-b08"/>
    <property name="java.ext.dirs" value="D:\pleiades\java\8\jre\lib\ext;C:\Windows\Sun\Java\lib\ext"/>
    <property name="sun.io.unicode.encoding" value="UnicodeLittle"/>
    <property name="java.class.version" value="52.0"/>
  </properties>
  <testcase name="shouldAnswerWithTrue" classname="naga.test.naga.AppTest" time="0"/>
</testsuite>